[debug] [2024-07-05T09:49:21.756Z] ----------------------------------------------------------------------
[debug] [2024-07-05T09:49:21.758Z] Command:       C:\Program Files\nodejs\node.exe C:\Users\Visha\AppData\Roaming\npm\node_modules\firebase-tools\lib\bin\firebase.js init
[debug] [2024-07-05T09:49:21.758Z] CLI Version:   13.13.0
[debug] [2024-07-05T09:49:21.759Z] Platform:      win32
[debug] [2024-07-05T09:49:21.759Z] Node Version:  v18.0.0
[debug] [2024-07-05T09:49:21.759Z] Time:          Fri Jul 05 2024 15:19:21 GMT+0530 (India Standard Time)
[debug] [2024-07-05T09:49:21.760Z] ----------------------------------------------------------------------
[debug] 
[debug] [2024-07-05T09:49:21.765Z] > command requires scopes: ["email","openid","https://www.googleapis.com/auth/cloudplatformprojects.readonly","https://www.googleapis.com/auth/firebase","https://www.googleapis.com/auth/cloud-platform"]
[debug] [2024-07-05T09:49:21.765Z] > authorizing via signed-in user (vishalchanda2018@gmail.com)
[info] 
     ######## #### ########  ######## ########     ###     ######  ########
     ##        ##  ##     ## ##       ##     ##  ##   ##  ##       ##
     ######    ##  ########  ######   ########  #########  ######  ######
     ##        ##  ##    ##  ##       ##     ## ##     ##       ## ##
     ##       #### ##     ## ######## ########  ##     ##  ######  ########

You're about to initialize a Firebase project in this directory:

  C:\Users\Visha\OneDrive\Desktop\Ceramic Solutions Final

[debug] [2024-07-05T10:05:40.484Z] ----------------------------------------------------------------------
[debug] [2024-07-05T10:05:40.486Z] Command:       C:\Program Files\nodejs\node.exe C:\Users\Visha\AppData\Roaming\npm\node_modules\firebase-tools\lib\bin\firebase.js init
[debug] [2024-07-05T10:05:40.487Z] CLI Version:   13.13.0
[debug] [2024-07-05T10:05:40.487Z] Platform:      win32
[debug] [2024-07-05T10:05:40.487Z] Node Version:  v18.0.0
[debug] [2024-07-05T10:05:40.488Z] Time:          Fri Jul 05 2024 15:35:40 GMT+0530 (India Standard Time)
[debug] [2024-07-05T10:05:40.488Z] ----------------------------------------------------------------------
[debug] 
[debug] [2024-07-05T10:05:40.494Z] > command requires scopes: ["email","openid","https://www.googleapis.com/auth/cloudplatformprojects.readonly","https://www.googleapis.com/auth/firebase","https://www.googleapis.com/auth/cloud-platform"]
[debug] [2024-07-05T10:05:40.494Z] > authorizing via signed-in user (vishalchanda2018@gmail.com)
[info] 
     ######## #### ########  ######## ########     ###     ######  ########
     ##        ##  ##     ## ##       ##     ##  ##   ##  ##       ##
     ######    ##  ########  ######   ########  #########  ######  ######
     ##        ##  ##    ##  ##       ##     ## ##     ##       ## ##
     ##       #### ##     ## ######## ########  ##     ##  ######  ########

You're about to initialize a Firebase project in this directory:

  C:\Users\Visha\OneDrive\Desktop\ceramic-solution

[info] 
=== Project Setup
[info] 
[info] First, let's associate this project directory with a Firebase project.
[info] You can create multiple project aliases by running firebase use --add, 
[info] but for now we'll just set up a default project.
[info] 
[debug] [2024-07-05T10:05:46.553Z] > refreshing access token with scopes: []
[debug] [2024-07-05T10:05:46.555Z] >>> [apiv2][query] POST https://www.googleapis.com/oauth2/v3/token [none]
[debug] [2024-07-05T10:05:46.555Z] >>> [apiv2][body] POST https://www.googleapis.com/oauth2/v3/token [omitted]
[debug] [2024-07-05T10:05:46.871Z] <<< [apiv2][status] POST https://www.googleapis.com/oauth2/v3/token 400
[debug] [2024-07-05T10:05:46.871Z] <<< [apiv2][body] POST https://www.googleapis.com/oauth2/v3/token [omitted]
[debug] [2024-07-05T10:05:46.871Z] >>> [apiv2][query] GET https://firebase.googleapis.com/v1beta1/projects pageSize=100
[debug] [2024-07-05T10:05:47.278Z] <<< [apiv2][status] GET https://firebase.googleapis.com/v1beta1/projects 401
[debug] [2024-07-05T10:05:47.279Z] <<< [apiv2][body] GET https://firebase.googleapis.com/v1beta1/projects [omitted]
[debug] [2024-07-05T10:05:47.279Z] HTTP Error: 401, Request had invalid authentication credentials. Expected OAuth 2 access token, login cookie or other valid authentication credential. See https://developers.google.com/identity/sign-in/web/devconsole-project.
[debug] [2024-07-05T10:05:47.595Z] FirebaseError: HTTP Error: 401, Request had invalid authentication credentials. Expected OAuth 2 access token, login cookie or other valid authentication credential. See https://developers.google.com/identity/sign-in/web/devconsole-project.
    at responseToError (C:\Users\Visha\AppData\Roaming\npm\node_modules\firebase-tools\lib\responseToError.js:49:12)
    at RetryOperation._fn (C:\Users\Visha\AppData\Roaming\npm\node_modules\firebase-tools\lib\apiv2.js:305:77)
    at process.processTicksAndRejections (node:internal/process/task_queues:95:5)
[error] 
[error] Error: Failed to list Firebase projects. See firebase-debug.log for more info.
